
记录时间：2018-02-21
  文件夹:../dataset/binaryDataSet/left_5.3 下有文件:279 个
  文件夹:../dataset/binaryDataSet/left_5.3 下成功转化文件:279 个
  处理了0个异常文件
  包括以下文件：
记录时间：2018-02-21
  文件夹:../dataset/binaryDataSet/left_6.12 下有文件:198 个
  文件夹:../dataset/binaryDataSet/left_6.12 下成功转化文件:198 个
  处理了0个异常文件
  包括以下文件：
记录时间：2018-02-21
  文件夹:../dataset/binaryDataSet/right_5.3 下有文件:279 个
  文件夹:../dataset/binaryDataSet/right_5.3 下成功转化文件:279 个
  处理了0个异常文件
  包括以下文件：
记录时间：2018-02-21
  文件夹:../dataset/binaryDataSet/right_6.12 下有文件:199 个
  文件夹:../dataset/binaryDataSet/right_6.12 下成功转化文件:199 个
  处理了0个异常文件
  包括以下文件：